Arguments: 
  C:\Program Files\nodejs\node.exe C:\Users\Bethdex\AppData\Roaming\npm\node_modules\yarn\bin\yarn.js add --json @parcel/transformer-sass@^2.0.1 -D -W

PATH: 
  C:\Users\Bethdex\Desktop\simplefolio\node_modules\.bin;C:\Users\Bethdex\Desktop\node_modules\.bin;C:\Users\Bethdex\node_modules\.bin;C:\Users\node_modules\.bin;C:\node_modules\.bin;C:\Users\Bethdex\AppData\Roaming\npm\node_modules\npm\node_modules\@npmcli\run-script\lib\node-gyp-bin;C:\Python310\Scripts\;C:\Python310\;C:\Windows\system32;C:\Windows;C:\Windows\System32\Wbem;C:\Windows\System32\WindowsPowerShell\v1.0\;C:\Windows\System32\OpenSSH\;C:\ProgramData\chocolatey\bin;C:\Program Files\Git\cmd;C:\Program Files\dotnet\;C:\Program Files\nodejs\;C:\Program Files\PostgreSQL\14\bin;C:\Users\Bethdex\AppData\Local\Microsoft\WindowsApps;;C:\Users\Bethdex\AppData\Local\Programs\Microsoft VS Code\bin;C:\Program Files\heroku\bin;C:\Users\Bethdex\AppData\Roaming\npm

Yarn version: 
  1.22.18

Node version: 
  16.15.0

Platform: 
  win32 x64

Trace: 
  Error: EPERM: operation not permitted, unlink 'C:\Users\Bethdex\Desktop\simplefolio\node_modules\@parcel\fs-search\fs-search.win32-x64-msvc.node'

npm manifest: 
  {
    "name": "simplefolio",
    "version": "1.0.1",
    "private": "true",
    "description": "A clean, beautiful and responsive portfolio template for Developers!",
    "source": "src/index.html",
    "scripts": {
      "start": "parcel",
      "build": "parcel build"
    },
    "repository": {
      "type": "git",
      "url": "git+https://github.com/cobidev/simplefolio"
    },
    "keywords": [],
    "author": "Jacobo Martinez",
    "license": "ISC",
    "bugs": {
      "url": "https://github.com/cobidev/simplefolio/issues"
    },
    "homepage": "https://github.com/cobidev/simplefolio#readme",
    "devDependencies": {
      "@parcel/transformer-sass": "^2.0.1",
      "parcel": "^2.0.1",
      "prettier": "^2.4.1"
    },
    "dependencies": {
      "@popperjs/core": "^2.10.2",
      "bootstrap": "^5.1.3",
      "jquery": "^3.6.0",
      "popper.js": "^1.16.1",
      "vanilla-tilt": "^1.7.2"
    }
  }

yarn manifest: 
  No manifest

Lockfile: 
  No lockfile
